<?xml version="1.0" encoding="UTF-8"?>
<testng-results ignored="0" total="1" passed="1" failed="0" skipped="0">
  <reporter-output>
  </reporter-output>
  <suite started-at="2022-08-09T17:26:45 IST" name="Default suite" finished-at="2022-08-09T17:26:45 IST" duration-ms="501">
    <groups>
    </groups>
    <test started-at="2022-08-09T17:26:45 IST" name="Default test" finished-at="2022-08-09T17:26:45 IST" duration-ms="501">
      <class name="com.example.demo.PDFbox.Converter">
        <test-method signature="converFile()[pri:0, instance:com.example.demo.PDFbox.Converter@554e218]" started-at="2022-08-09T17:26:45 IST" name="converFile" finished-at="2022-08-09T17:26:45 IST" duration-ms="470" status="PASS">
          <reporter-output>
          </reporter-output>
        </test-method> <!-- converFile -->
      </class> <!-- com.example.demo.PDFbox.Converter -->
    </test> <!-- Default test -->
  </suite> <!-- Default suite -->
</testng-results>
