<?xml version="1.0" encoding="UTF-8"?>
<testng-results ignored="0" total="1" passed="1" failed="0" skipped="0">
  <reporter-output>
  </reporter-output>
  <suite started-at="2022-08-03T15:09:01 IST" name="Default suite" finished-at="2022-08-03T15:09:02 IST" duration-ms="1005">
    <groups>
    </groups>
    <test started-at="2022-08-03T15:09:01 IST" name="Default test" finished-at="2022-08-03T15:09:02 IST" duration-ms="1005">
      <class name="com.example.demo.PDFbox.ReadPDF">
        <test-method signature="readPDFfile()[pri:0, instance:com.example.demo.PDFbox.ReadPDF@338fc1d8]" started-at="2022-08-03T15:09:01 IST" name="readPDFfile" finished-at="2022-08-03T15:09:02 IST" duration-ms="968" status="PASS">
          <reporter-output>
          </reporter-output>
        </test-method> <!-- readPDFfile -->
      </class> <!-- com.example.demo.PDFbox.ReadPDF -->
    </test> <!-- Default test -->
  </suite> <!-- Default suite -->
</testng-results>
